<?xml version="1.0" encoding="UTF-8"?>
<!-- Generated by org.testng.reporters.JUnitReportReporter -->
<testsuite hostname="DESKTOP-MDJNKJB" failures="0" tests="1" name="tests.LoginTest" time="2.225" errors="0" timestamp="2025-06-17T04:33:52 SGT" skipped="0">
  <testcase classname="tests.LoginTest" name="testValidLogin" time="2.225"/>
</testsuite> <!-- tests.LoginTest -->
